ARM GAS  /tmp/ccPePf4B.s 			page 1


   1              		.cpu cortex-m0
   2              		.eabi_attribute 20, 1
   3              		.eabi_attribute 21, 1
   4              		.eabi_attribute 23, 3
   5              		.eabi_attribute 24, 1
   6              		.eabi_attribute 25, 1
   7              		.eabi_attribute 26, 1
   8              		.eabi_attribute 30, 1
   9              		.eabi_attribute 34, 0
  10              		.eabi_attribute 18, 4
  11              		.file	"gpio.c"
  12              		.text
  13              	.Ltext0:
  14              		.cfi_sections	.debug_frame
  15              		.section	.text.MX_GPIO_Init,"ax",%progbits
  16              		.align	1
  17              		.global	MX_GPIO_Init
  18              		.arch armv6s-m
  19              		.syntax unified
  20              		.code	16
  21              		.thumb_func
  22              		.fpu softvfp
  24              	MX_GPIO_Init:
  25              	.LFB40:
  26              		.file 1 "Src/gpio.c"
   1:Src/gpio.c    **** /**
   2:Src/gpio.c    ****   ******************************************************************************
   3:Src/gpio.c    ****   * @file    gpio.c
   4:Src/gpio.c    ****   * @brief   This file provides code for the configuration
   5:Src/gpio.c    ****   *          of all used GPIO pins.
   6:Src/gpio.c    ****   ******************************************************************************
   7:Src/gpio.c    ****   * @attention
   8:Src/gpio.c    ****   *
   9:Src/gpio.c    ****   * <h2><center>&copy; Copyright (c) 2021 STMicroelectronics.
  10:Src/gpio.c    ****   * All rights reserved.</center></h2>
  11:Src/gpio.c    ****   *
  12:Src/gpio.c    ****   * This software component is licensed by ST under Ultimate Liberty license
  13:Src/gpio.c    ****   * SLA0044, the "License"; You may not use this file except in compliance with
  14:Src/gpio.c    ****   * the License. You may obtain a copy of the License at:
  15:Src/gpio.c    ****   *                             www.st.com/SLA0044
  16:Src/gpio.c    ****   *
  17:Src/gpio.c    ****   ******************************************************************************
  18:Src/gpio.c    ****   */
  19:Src/gpio.c    **** 
  20:Src/gpio.c    **** /* Includes ------------------------------------------------------------------*/
  21:Src/gpio.c    **** #include "gpio.h"
  22:Src/gpio.c    **** 
  23:Src/gpio.c    **** /* USER CODE BEGIN 0 */
  24:Src/gpio.c    **** 
  25:Src/gpio.c    **** /* USER CODE END 0 */
  26:Src/gpio.c    **** 
  27:Src/gpio.c    **** /*----------------------------------------------------------------------------*/
  28:Src/gpio.c    **** /* Configure GPIO                                                             */
  29:Src/gpio.c    **** /*----------------------------------------------------------------------------*/
  30:Src/gpio.c    **** /* USER CODE BEGIN 1 */
  31:Src/gpio.c    **** 
  32:Src/gpio.c    **** /* USER CODE END 1 */
ARM GAS  /tmp/ccPePf4B.s 			page 2


  33:Src/gpio.c    **** 
  34:Src/gpio.c    **** /** Configure pins as
  35:Src/gpio.c    ****         * Analog
  36:Src/gpio.c    ****         * Input
  37:Src/gpio.c    ****         * Output
  38:Src/gpio.c    ****         * EVENT_OUT
  39:Src/gpio.c    ****         * EXTI
  40:Src/gpio.c    **** */
  41:Src/gpio.c    **** void MX_GPIO_Init(void)
  42:Src/gpio.c    **** {
  27              		.loc 1 42 1 view -0
  28              		.cfi_startproc
  29              		@ args = 0, pretend = 0, frame = 32
  30              		@ frame_needed = 0, uses_anonymous_args = 0
  31 0000 30B5     		push	{r4, r5, lr}
  32              	.LCFI0:
  33              		.cfi_def_cfa_offset 12
  34              		.cfi_offset 4, -12
  35              		.cfi_offset 5, -8
  36              		.cfi_offset 14, -4
  37 0002 89B0     		sub	sp, sp, #36
  38              	.LCFI1:
  39              		.cfi_def_cfa_offset 48
  43:Src/gpio.c    **** 
  44:Src/gpio.c    ****   GPIO_InitTypeDef GPIO_InitStruct = {0};
  40              		.loc 1 44 3 view .LVU1
  41              		.loc 1 44 20 is_stmt 0 view .LVU2
  42 0004 1422     		movs	r2, #20
  43 0006 0021     		movs	r1, #0
  44 0008 03A8     		add	r0, sp, #12
  45 000a FFF7FEFF 		bl	memset
  46              	.LVL0:
  45:Src/gpio.c    **** 
  46:Src/gpio.c    ****   /* GPIO Ports Clock Enable */
  47:Src/gpio.c    ****   __HAL_RCC_GPIOA_CLK_ENABLE();
  47              		.loc 1 47 3 is_stmt 1 view .LVU3
  48              	.LBB2:
  49              		.loc 1 47 3 view .LVU4
  50              		.loc 1 47 3 view .LVU5
  51 000e 1B4B     		ldr	r3, .L2
  52 0010 5969     		ldr	r1, [r3, #20]
  53 0012 8020     		movs	r0, #128
  54 0014 8002     		lsls	r0, r0, #10
  55 0016 0143     		orrs	r1, r0
  56 0018 5961     		str	r1, [r3, #20]
  57              		.loc 1 47 3 view .LVU6
  58 001a 5A69     		ldr	r2, [r3, #20]
  59 001c 0240     		ands	r2, r0
  60 001e 0192     		str	r2, [sp, #4]
  61              		.loc 1 47 3 view .LVU7
  62 0020 019A     		ldr	r2, [sp, #4]
  63              	.LBE2:
  64              		.loc 1 47 3 view .LVU8
  48:Src/gpio.c    ****   __HAL_RCC_GPIOB_CLK_ENABLE();
  65              		.loc 1 48 3 view .LVU9
  66              	.LBB3:
  67              		.loc 1 48 3 view .LVU10
ARM GAS  /tmp/ccPePf4B.s 			page 3


  68              		.loc 1 48 3 view .LVU11
  69 0022 5A69     		ldr	r2, [r3, #20]
  70 0024 8021     		movs	r1, #128
  71 0026 C902     		lsls	r1, r1, #11
  72 0028 0A43     		orrs	r2, r1
  73 002a 5A61     		str	r2, [r3, #20]
  74              		.loc 1 48 3 view .LVU12
  75 002c 5B69     		ldr	r3, [r3, #20]
  76 002e 0B40     		ands	r3, r1
  77 0030 0293     		str	r3, [sp, #8]
  78              		.loc 1 48 3 view .LVU13
  79 0032 029B     		ldr	r3, [sp, #8]
  80              	.LBE3:
  81              		.loc 1 48 3 view .LVU14
  49:Src/gpio.c    **** 
  50:Src/gpio.c    ****   /*Configure GPIO pin Output Level */
  51:Src/gpio.c    ****   HAL_GPIO_WritePin(GPIOA, GPIO_PIN_0, GPIO_PIN_RESET);
  82              		.loc 1 51 3 view .LVU15
  83 0034 9025     		movs	r5, #144
  84 0036 ED05     		lsls	r5, r5, #23
  85 0038 0022     		movs	r2, #0
  86 003a 0121     		movs	r1, #1
  87 003c 2800     		movs	r0, r5
  88 003e FFF7FEFF 		bl	HAL_GPIO_WritePin
  89              	.LVL1:
  52:Src/gpio.c    **** 
  53:Src/gpio.c    ****   /*Configure GPIO pin : PA0 */
  54:Src/gpio.c    ****   GPIO_InitStruct.Pin = GPIO_PIN_0;
  90              		.loc 1 54 3 view .LVU16
  91              		.loc 1 54 23 is_stmt 0 view .LVU17
  92 0042 0123     		movs	r3, #1
  93 0044 0393     		str	r3, [sp, #12]
  55:Src/gpio.c    ****   GPIO_InitStruct.Mode = GPIO_MODE_OUTPUT_PP;
  94              		.loc 1 55 3 is_stmt 1 view .LVU18
  95              		.loc 1 55 24 is_stmt 0 view .LVU19
  96 0046 0493     		str	r3, [sp, #16]
  56:Src/gpio.c    ****   GPIO_InitStruct.Pull = GPIO_NOPULL;
  97              		.loc 1 56 3 is_stmt 1 view .LVU20
  98              		.loc 1 56 24 is_stmt 0 view .LVU21
  99 0048 0024     		movs	r4, #0
 100 004a 0594     		str	r4, [sp, #20]
  57:Src/gpio.c    ****   GPIO_InitStruct.Speed = GPIO_SPEED_FREQ_LOW;
 101              		.loc 1 57 3 is_stmt 1 view .LVU22
 102              		.loc 1 57 25 is_stmt 0 view .LVU23
 103 004c 0694     		str	r4, [sp, #24]
  58:Src/gpio.c    ****   HAL_GPIO_Init(GPIOA, &GPIO_InitStruct);
 104              		.loc 1 58 3 is_stmt 1 view .LVU24
 105 004e 03A9     		add	r1, sp, #12
 106 0050 2800     		movs	r0, r5
 107 0052 FFF7FEFF 		bl	HAL_GPIO_Init
 108              	.LVL2:
  59:Src/gpio.c    **** 
  60:Src/gpio.c    ****   /*Configure GPIO pins : PAPin PAPin PAPin PAPin */
  61:Src/gpio.c    ****   GPIO_InitStruct.Pin = sw2_Pin|sw4_Pin|sw6_Pin|sw5_Pin;
 109              		.loc 1 61 3 view .LVU25
 110              		.loc 1 61 23 is_stmt 0 view .LVU26
 111 0056 F023     		movs	r3, #240
ARM GAS  /tmp/ccPePf4B.s 			page 4


 112 0058 0393     		str	r3, [sp, #12]
  62:Src/gpio.c    ****   GPIO_InitStruct.Mode = GPIO_MODE_INPUT;
 113              		.loc 1 62 3 is_stmt 1 view .LVU27
 114              		.loc 1 62 24 is_stmt 0 view .LVU28
 115 005a 0494     		str	r4, [sp, #16]
  63:Src/gpio.c    ****   GPIO_InitStruct.Pull = GPIO_NOPULL;
 116              		.loc 1 63 3 is_stmt 1 view .LVU29
 117              		.loc 1 63 24 is_stmt 0 view .LVU30
 118 005c 0594     		str	r4, [sp, #20]
  64:Src/gpio.c    ****   HAL_GPIO_Init(GPIOA, &GPIO_InitStruct);
 119              		.loc 1 64 3 is_stmt 1 view .LVU31
 120 005e 03A9     		add	r1, sp, #12
 121 0060 2800     		movs	r0, r5
 122 0062 FFF7FEFF 		bl	HAL_GPIO_Init
 123              	.LVL3:
  65:Src/gpio.c    **** 
  66:Src/gpio.c    ****   /*Configure GPIO pins : PBPin PBPin */
  67:Src/gpio.c    ****   GPIO_InitStruct.Pin = sw3_Pin|sw1_Pin;
 124              		.loc 1 67 3 view .LVU32
 125              		.loc 1 67 23 is_stmt 0 view .LVU33
 126 0066 0323     		movs	r3, #3
 127 0068 0393     		str	r3, [sp, #12]
  68:Src/gpio.c    ****   GPIO_InitStruct.Mode = GPIO_MODE_INPUT;
 128              		.loc 1 68 3 is_stmt 1 view .LVU34
 129              		.loc 1 68 24 is_stmt 0 view .LVU35
 130 006a 0494     		str	r4, [sp, #16]
  69:Src/gpio.c    ****   GPIO_InitStruct.Pull = GPIO_NOPULL;
 131              		.loc 1 69 3 is_stmt 1 view .LVU36
 132              		.loc 1 69 24 is_stmt 0 view .LVU37
 133 006c 0594     		str	r4, [sp, #20]
  70:Src/gpio.c    ****   HAL_GPIO_Init(GPIOB, &GPIO_InitStruct);
 134              		.loc 1 70 3 is_stmt 1 view .LVU38
 135 006e 03A9     		add	r1, sp, #12
 136 0070 0348     		ldr	r0, .L2+4
 137 0072 FFF7FEFF 		bl	HAL_GPIO_Init
 138              	.LVL4:
  71:Src/gpio.c    **** 
  72:Src/gpio.c    **** }
 139              		.loc 1 72 1 is_stmt 0 view .LVU39
 140 0076 09B0     		add	sp, sp, #36
 141              		@ sp needed
 142 0078 30BD     		pop	{r4, r5, pc}
 143              	.L3:
 144 007a C046     		.align	2
 145              	.L2:
 146 007c 00100240 		.word	1073876992
 147 0080 00040048 		.word	1207960576
 148              		.cfi_endproc
 149              	.LFE40:
 151              		.text
 152              	.Letext0:
 153              		.file 2 "/usr/lib/gcc/arm-none-eabi/9.2.1/include/stdint.h"
 154              		.file 3 "Drivers/CMSIS/Device/ST/STM32F0xx/Include/system_stm32f0xx.h"
 155              		.file 4 "Drivers/CMSIS/Device/ST/STM32F0xx/Include/stm32f042x6.h"
 156              		.file 5 "Drivers/STM32F0xx_HAL_Driver/Inc/stm32f0xx_hal_gpio.h"
 157              		.file 6 "Drivers/STM32F0xx_HAL_Driver/Inc/stm32f0xx_hal.h"
 158              		.file 7 "<built-in>"
ARM GAS  /tmp/ccPePf4B.s 			page 5


ARM GAS  /tmp/ccPePf4B.s 			page 6


DEFINED SYMBOLS
                            *ABS*:0000000000000000 gpio.c
     /tmp/ccPePf4B.s:16     .text.MX_GPIO_Init:0000000000000000 $t
     /tmp/ccPePf4B.s:24     .text.MX_GPIO_Init:0000000000000000 MX_GPIO_Init
     /tmp/ccPePf4B.s:146    .text.MX_GPIO_Init:000000000000007c $d

UNDEFINED SYMBOLS
memset
HAL_GPIO_WritePin
HAL_GPIO_Init
