ARM GAS  /tmp/ccY89ab1.s 			page 1


   1              		.cpu cortex-m0
   2              		.eabi_attribute 20, 1
   3              		.eabi_attribute 21, 1
   4              		.eabi_attribute 23, 3
   5              		.eabi_attribute 24, 1
   6              		.eabi_attribute 25, 1
   7              		.eabi_attribute 26, 1
   8              		.eabi_attribute 30, 1
   9              		.eabi_attribute 34, 0
  10              		.eabi_attribute 18, 4
  11              		.file	"main.c"
  12              		.text
  13              	.Ltext0:
  14              		.cfi_sections	.debug_frame
  15              		.section	.text.Error_Handler,"ax",%progbits
  16              		.align	1
  17              		.global	Error_Handler
  18              		.arch armv6s-m
  19              		.syntax unified
  20              		.code	16
  21              		.thumb_func
  22              		.fpu softvfp
  24              	Error_Handler:
  25              	.LFB45:
  26              		.file 1 "Src/main.c"
   1:Src/main.c    **** /* USER CODE BEGIN Header */
   2:Src/main.c    **** /**
   3:Src/main.c    ****   ******************************************************************************
   4:Src/main.c    ****   * @file           : main.c
   5:Src/main.c    ****   * @brief          : Main program body
   6:Src/main.c    ****   ******************************************************************************
   7:Src/main.c    ****   * @attention
   8:Src/main.c    ****   *
   9:Src/main.c    ****   * <h2><center>&copy; Copyright (c) 2021 STMicroelectronics.
  10:Src/main.c    ****   * All rights reserved.</center></h2>
  11:Src/main.c    ****   *
  12:Src/main.c    ****   * This software component is licensed by ST under Ultimate Liberty license
  13:Src/main.c    ****   * SLA0044, the "License"; You may not use this file except in compliance with
  14:Src/main.c    ****   * the License. You may obtain a copy of the License at:
  15:Src/main.c    ****   *                             www.st.com/SLA0044
  16:Src/main.c    ****   *
  17:Src/main.c    ****   ******************************************************************************
  18:Src/main.c    ****   */
  19:Src/main.c    **** /* USER CODE END Header */
  20:Src/main.c    **** /* Includes ------------------------------------------------------------------*/
  21:Src/main.c    **** #include "main.h"
  22:Src/main.c    **** #include "tim.h"
  23:Src/main.c    **** #include "usb_device.h"
  24:Src/main.c    **** #include "gpio.h"
  25:Src/main.c    **** 
  26:Src/main.c    **** /* Private includes ----------------------------------------------------------*/
  27:Src/main.c    **** /* USER CODE BEGIN Includes */
  28:Src/main.c    **** 
  29:Src/main.c    **** /* USER CODE END Includes */
  30:Src/main.c    **** 
  31:Src/main.c    **** /* Private typedef -----------------------------------------------------------*/
  32:Src/main.c    **** /* USER CODE BEGIN PTD */
ARM GAS  /tmp/ccY89ab1.s 			page 2


  33:Src/main.c    **** 
  34:Src/main.c    **** /* USER CODE END PTD */
  35:Src/main.c    **** 
  36:Src/main.c    **** /* Private define ------------------------------------------------------------*/
  37:Src/main.c    **** /* USER CODE BEGIN PD */
  38:Src/main.c    **** /* USER CODE END PD */
  39:Src/main.c    **** 
  40:Src/main.c    **** /* Private macro -------------------------------------------------------------*/
  41:Src/main.c    **** /* USER CODE BEGIN PM */
  42:Src/main.c    **** 
  43:Src/main.c    **** /* USER CODE END PM */
  44:Src/main.c    **** 
  45:Src/main.c    **** /* Private variables ---------------------------------------------------------*/
  46:Src/main.c    **** 
  47:Src/main.c    **** /* USER CODE BEGIN PV */
  48:Src/main.c    **** 
  49:Src/main.c    **** /* USER CODE END PV */
  50:Src/main.c    **** 
  51:Src/main.c    **** /* Private function prototypes -----------------------------------------------*/
  52:Src/main.c    **** void SystemClock_Config(void);
  53:Src/main.c    **** /* USER CODE BEGIN PFP */
  54:Src/main.c    **** 
  55:Src/main.c    **** /* USER CODE END PFP */
  56:Src/main.c    **** 
  57:Src/main.c    **** /* Private user code ---------------------------------------------------------*/
  58:Src/main.c    **** /* USER CODE BEGIN 0 */
  59:Src/main.c    **** 
  60:Src/main.c    **** /* USER CODE END 0 */
  61:Src/main.c    **** 
  62:Src/main.c    **** /**
  63:Src/main.c    ****   * @brief  The application entry point.
  64:Src/main.c    ****   * @retval int
  65:Src/main.c    ****   */
  66:Src/main.c    **** int main(void)
  67:Src/main.c    **** {
  68:Src/main.c    ****   /* USER CODE BEGIN 1 */
  69:Src/main.c    **** 
  70:Src/main.c    ****   /* USER CODE END 1 */
  71:Src/main.c    **** 
  72:Src/main.c    ****   /* MCU Configuration--------------------------------------------------------*/
  73:Src/main.c    **** 
  74:Src/main.c    ****   /* Reset of all peripherals, Initializes the Flash interface and the Systick. */
  75:Src/main.c    ****   HAL_Init();
  76:Src/main.c    **** 
  77:Src/main.c    ****   /* USER CODE BEGIN Init */
  78:Src/main.c    **** 
  79:Src/main.c    ****   /* USER CODE END Init */
  80:Src/main.c    **** 
  81:Src/main.c    ****   /* Configure the system clock */
  82:Src/main.c    ****   SystemClock_Config();
  83:Src/main.c    **** 
  84:Src/main.c    ****   /* USER CODE BEGIN SysInit */
  85:Src/main.c    **** 
  86:Src/main.c    ****   /* USER CODE END SysInit */
  87:Src/main.c    **** 
  88:Src/main.c    ****   /* Initialize all configured peripherals */
  89:Src/main.c    ****   MX_GPIO_Init();
ARM GAS  /tmp/ccY89ab1.s 			page 3


  90:Src/main.c    ****   MX_TIM1_Init();
  91:Src/main.c    ****   //MX_USB_DEVICE_Init();
  92:Src/main.c    ****   /* USER CODE BEGIN 2 */
  93:Src/main.c    **** 
  94:Src/main.c    ****   /* USER CODE END 2 */
  95:Src/main.c    **** 
  96:Src/main.c    ****   /* Infinite loop */
  97:Src/main.c    ****   /* USER CODE BEGIN WHILE */
  98:Src/main.c    ****   while (1)
  99:Src/main.c    ****   {
 100:Src/main.c    ****     if(HAL_GPIO_ReadPin(sw1_GPIO_Port, sw1_Pin) == GPIO_PIN_RESET)
 101:Src/main.c    ****     {
 102:Src/main.c    ****       
 103:Src/main.c    ****     }
 104:Src/main.c    ****     /* USER CODE END WHILE */
 105:Src/main.c    **** 
 106:Src/main.c    ****     /* USER CODE BEGIN 3 */
 107:Src/main.c    ****   }
 108:Src/main.c    ****   /* USER CODE END 3 */
 109:Src/main.c    **** }
 110:Src/main.c    **** 
 111:Src/main.c    **** /**
 112:Src/main.c    ****   * @brief System Clock Configuration
 113:Src/main.c    ****   * @retval None
 114:Src/main.c    ****   */
 115:Src/main.c    **** void SystemClock_Config(void)
 116:Src/main.c    **** {
 117:Src/main.c    ****   RCC_OscInitTypeDef RCC_OscInitStruct = {0};
 118:Src/main.c    ****   RCC_ClkInitTypeDef RCC_ClkInitStruct = {0};
 119:Src/main.c    ****   RCC_PeriphCLKInitTypeDef PeriphClkInit = {0};
 120:Src/main.c    **** 
 121:Src/main.c    ****   /** Initializes the RCC Oscillators according to the specified parameters
 122:Src/main.c    ****   * in the RCC_OscInitTypeDef structure.
 123:Src/main.c    ****   */
 124:Src/main.c    ****   RCC_OscInitStruct.OscillatorType = RCC_OSCILLATORTYPE_HSI48;
 125:Src/main.c    ****   RCC_OscInitStruct.HSI48State = RCC_HSI48_ON;
 126:Src/main.c    ****   RCC_OscInitStruct.PLL.PLLState = RCC_PLL_NONE;
 127:Src/main.c    ****   if (HAL_RCC_OscConfig(&RCC_OscInitStruct) != HAL_OK)
 128:Src/main.c    ****   {
 129:Src/main.c    ****     Error_Handler();
 130:Src/main.c    ****   }
 131:Src/main.c    ****   /** Initializes the CPU, AHB and APB buses clocks
 132:Src/main.c    ****   */
 133:Src/main.c    ****   RCC_ClkInitStruct.ClockType = RCC_CLOCKTYPE_HCLK|RCC_CLOCKTYPE_SYSCLK
 134:Src/main.c    ****                               |RCC_CLOCKTYPE_PCLK1;
 135:Src/main.c    ****   RCC_ClkInitStruct.SYSCLKSource = RCC_SYSCLKSOURCE_HSI48;
 136:Src/main.c    ****   RCC_ClkInitStruct.AHBCLKDivider = RCC_SYSCLK_DIV1;
 137:Src/main.c    ****   RCC_ClkInitStruct.APB1CLKDivider = RCC_HCLK_DIV1;
 138:Src/main.c    **** 
 139:Src/main.c    ****   if (HAL_RCC_ClockConfig(&RCC_ClkInitStruct, FLASH_LATENCY_1) != HAL_OK)
 140:Src/main.c    ****   {
 141:Src/main.c    ****     Error_Handler();
 142:Src/main.c    ****   }
 143:Src/main.c    ****   PeriphClkInit.PeriphClockSelection = RCC_PERIPHCLK_USB;
 144:Src/main.c    ****   PeriphClkInit.UsbClockSelection = RCC_USBCLKSOURCE_HSI48;
 145:Src/main.c    **** 
 146:Src/main.c    ****   if (HAL_RCCEx_PeriphCLKConfig(&PeriphClkInit) != HAL_OK)
ARM GAS  /tmp/ccY89ab1.s 			page 4


 147:Src/main.c    ****   {
 148:Src/main.c    ****     Error_Handler();
 149:Src/main.c    ****   }
 150:Src/main.c    **** }
 151:Src/main.c    **** 
 152:Src/main.c    **** /* USER CODE BEGIN 4 */
 153:Src/main.c    **** 
 154:Src/main.c    **** /* USER CODE END 4 */
 155:Src/main.c    **** 
 156:Src/main.c    **** /**
 157:Src/main.c    ****   * @brief  This function is executed in case of error occurrence.
 158:Src/main.c    ****   * @retval None
 159:Src/main.c    ****   */
 160:Src/main.c    **** void Error_Handler(void)
 161:Src/main.c    **** {
  27              		.loc 1 161 1 view -0
  28              		.cfi_startproc
  29              		@ Volatile: function does not return.
  30              		@ args = 0, pretend = 0, frame = 0
  31              		@ frame_needed = 0, uses_anonymous_args = 0
  32              		@ link register save eliminated.
 162:Src/main.c    ****   /* USER CODE BEGIN Error_Handler_Debug */
 163:Src/main.c    ****   /* User can add his own implementation to report the HAL error return state */
 164:Src/main.c    ****   __disable_irq();
  33              		.loc 1 164 3 view .LVU1
  34              	.LBB4:
  35              	.LBI4:
  36              		.file 2 "Drivers/CMSIS/Include/cmsis_gcc.h"
   1:Drivers/CMSIS/Include/cmsis_gcc.h **** /**************************************************************************//**
   2:Drivers/CMSIS/Include/cmsis_gcc.h ****  * @file     cmsis_gcc.h
   3:Drivers/CMSIS/Include/cmsis_gcc.h ****  * @brief    CMSIS compiler GCC header file
   4:Drivers/CMSIS/Include/cmsis_gcc.h ****  * @version  V5.0.4
   5:Drivers/CMSIS/Include/cmsis_gcc.h ****  * @date     09. April 2018
   6:Drivers/CMSIS/Include/cmsis_gcc.h ****  ******************************************************************************/
   7:Drivers/CMSIS/Include/cmsis_gcc.h **** /*
   8:Drivers/CMSIS/Include/cmsis_gcc.h ****  * Copyright (c) 2009-2018 Arm Limited. All rights reserved.
   9:Drivers/CMSIS/Include/cmsis_gcc.h ****  *
  10:Drivers/CMSIS/Include/cmsis_gcc.h ****  * SPDX-License-Identifier: Apache-2.0
  11:Drivers/CMSIS/Include/cmsis_gcc.h ****  *
  12:Drivers/CMSIS/Include/cmsis_gcc.h ****  * Licensed under the Apache License, Version 2.0 (the License); you may
  13:Drivers/CMSIS/Include/cmsis_gcc.h ****  * not use this file except in compliance with the License.
  14:Drivers/CMSIS/Include/cmsis_gcc.h ****  * You may obtain a copy of the License at
  15:Drivers/CMSIS/Include/cmsis_gcc.h ****  *
  16:Drivers/CMSIS/Include/cmsis_gcc.h ****  * www.apache.org/licenses/LICENSE-2.0
  17:Drivers/CMSIS/Include/cmsis_gcc.h ****  *
  18:Drivers/CMSIS/Include/cmsis_gcc.h ****  * Unless required by applicable law or agreed to in writing, software
  19:Drivers/CMSIS/Include/cmsis_gcc.h ****  * distributed under the License is distributed on an AS IS BASIS, WITHOUT
  20:Drivers/CMSIS/Include/cmsis_gcc.h ****  * WARRANTIES OR CONDITIONS OF ANY KIND, either express or implied.
  21:Drivers/CMSIS/Include/cmsis_gcc.h ****  * See the License for the specific language governing permissions and
  22:Drivers/CMSIS/Include/cmsis_gcc.h ****  * limitations under the License.
  23:Drivers/CMSIS/Include/cmsis_gcc.h ****  */
  24:Drivers/CMSIS/Include/cmsis_gcc.h **** 
  25:Drivers/CMSIS/Include/cmsis_gcc.h **** #ifndef __CMSIS_GCC_H
  26:Drivers/CMSIS/Include/cmsis_gcc.h **** #define __CMSIS_GCC_H
  27:Drivers/CMSIS/Include/cmsis_gcc.h **** 
  28:Drivers/CMSIS/Include/cmsis_gcc.h **** /* ignore some GCC warnings */
  29:Drivers/CMSIS/Include/cmsis_gcc.h **** #pragma GCC diagnostic push
ARM GAS  /tmp/ccY89ab1.s 			page 5


  30:Drivers/CMSIS/Include/cmsis_gcc.h **** #pragma GCC diagnostic ignored "-Wsign-conversion"
  31:Drivers/CMSIS/Include/cmsis_gcc.h **** #pragma GCC diagnostic ignored "-Wconversion"
  32:Drivers/CMSIS/Include/cmsis_gcc.h **** #pragma GCC diagnostic ignored "-Wunused-parameter"
  33:Drivers/CMSIS/Include/cmsis_gcc.h **** 
  34:Drivers/CMSIS/Include/cmsis_gcc.h **** /* Fallback for __has_builtin */
  35:Drivers/CMSIS/Include/cmsis_gcc.h **** #ifndef __has_builtin
  36:Drivers/CMSIS/Include/cmsis_gcc.h ****   #define __has_builtin(x) (0)
  37:Drivers/CMSIS/Include/cmsis_gcc.h **** #endif
  38:Drivers/CMSIS/Include/cmsis_gcc.h **** 
  39:Drivers/CMSIS/Include/cmsis_gcc.h **** /* CMSIS compiler specific defines */
  40:Drivers/CMSIS/Include/cmsis_gcc.h **** #ifndef   __ASM
  41:Drivers/CMSIS/Include/cmsis_gcc.h ****   #define __ASM                                  __asm
  42:Drivers/CMSIS/Include/cmsis_gcc.h **** #endif
  43:Drivers/CMSIS/Include/cmsis_gcc.h **** #ifndef   __INLINE
  44:Drivers/CMSIS/Include/cmsis_gcc.h ****   #define __INLINE                               inline
  45:Drivers/CMSIS/Include/cmsis_gcc.h **** #endif
  46:Drivers/CMSIS/Include/cmsis_gcc.h **** #ifndef   __STATIC_INLINE
  47:Drivers/CMSIS/Include/cmsis_gcc.h ****   #define __STATIC_INLINE                        static inline
  48:Drivers/CMSIS/Include/cmsis_gcc.h **** #endif
  49:Drivers/CMSIS/Include/cmsis_gcc.h **** #ifndef   __STATIC_FORCEINLINE                 
  50:Drivers/CMSIS/Include/cmsis_gcc.h ****   #define __STATIC_FORCEINLINE                   __attribute__((always_inline)) static inline
  51:Drivers/CMSIS/Include/cmsis_gcc.h **** #endif                                           
  52:Drivers/CMSIS/Include/cmsis_gcc.h **** #ifndef   __NO_RETURN
  53:Drivers/CMSIS/Include/cmsis_gcc.h ****   #define __NO_RETURN                            __attribute__((__noreturn__))
  54:Drivers/CMSIS/Include/cmsis_gcc.h **** #endif
  55:Drivers/CMSIS/Include/cmsis_gcc.h **** #ifndef   __USED
  56:Drivers/CMSIS/Include/cmsis_gcc.h ****   #define __USED                                 __attribute__((used))
  57:Drivers/CMSIS/Include/cmsis_gcc.h **** #endif
  58:Drivers/CMSIS/Include/cmsis_gcc.h **** #ifndef   __WEAK
  59:Drivers/CMSIS/Include/cmsis_gcc.h ****   #define __WEAK                                 __attribute__((weak))
  60:Drivers/CMSIS/Include/cmsis_gcc.h **** #endif
  61:Drivers/CMSIS/Include/cmsis_gcc.h **** #ifndef   __PACKED
  62:Drivers/CMSIS/Include/cmsis_gcc.h ****   #define __PACKED                               __attribute__((packed, aligned(1)))
  63:Drivers/CMSIS/Include/cmsis_gcc.h **** #endif
  64:Drivers/CMSIS/Include/cmsis_gcc.h **** #ifndef   __PACKED_STRUCT
  65:Drivers/CMSIS/Include/cmsis_gcc.h ****   #define __PACKED_STRUCT                        struct __attribute__((packed, aligned(1)))
  66:Drivers/CMSIS/Include/cmsis_gcc.h **** #endif
  67:Drivers/CMSIS/Include/cmsis_gcc.h **** #ifndef   __PACKED_UNION
  68:Drivers/CMSIS/Include/cmsis_gcc.h ****   #define __PACKED_UNION                         union __attribute__((packed, aligned(1)))
  69:Drivers/CMSIS/Include/cmsis_gcc.h **** #endif
  70:Drivers/CMSIS/Include/cmsis_gcc.h **** #ifndef   __UNALIGNED_UINT32        /* deprecated */
  71:Drivers/CMSIS/Include/cmsis_gcc.h ****   #pragma GCC diagnostic push
  72:Drivers/CMSIS/Include/cmsis_gcc.h ****   #pragma GCC diagnostic ignored "-Wpacked"
  73:Drivers/CMSIS/Include/cmsis_gcc.h ****   #pragma GCC diagnostic ignored "-Wattributes"
  74:Drivers/CMSIS/Include/cmsis_gcc.h ****   struct __attribute__((packed)) T_UINT32 { uint32_t v; };
  75:Drivers/CMSIS/Include/cmsis_gcc.h ****   #pragma GCC diagnostic pop
  76:Drivers/CMSIS/Include/cmsis_gcc.h ****   #define __UNALIGNED_UINT32(x)                  (((struct T_UINT32 *)(x))->v)
  77:Drivers/CMSIS/Include/cmsis_gcc.h **** #endif
  78:Drivers/CMSIS/Include/cmsis_gcc.h **** #ifndef   __UNALIGNED_UINT16_WRITE
  79:Drivers/CMSIS/Include/cmsis_gcc.h ****   #pragma GCC diagnostic push
  80:Drivers/CMSIS/Include/cmsis_gcc.h ****   #pragma GCC diagnostic ignored "-Wpacked"
  81:Drivers/CMSIS/Include/cmsis_gcc.h ****   #pragma GCC diagnostic ignored "-Wattributes"
  82:Drivers/CMSIS/Include/cmsis_gcc.h ****   __PACKED_STRUCT T_UINT16_WRITE { uint16_t v; };
  83:Drivers/CMSIS/Include/cmsis_gcc.h ****   #pragma GCC diagnostic pop
  84:Drivers/CMSIS/Include/cmsis_gcc.h ****   #define __UNALIGNED_UINT16_WRITE(addr, val)    (void)((((struct T_UINT16_WRITE *)(void *)(addr))-
  85:Drivers/CMSIS/Include/cmsis_gcc.h **** #endif
  86:Drivers/CMSIS/Include/cmsis_gcc.h **** #ifndef   __UNALIGNED_UINT16_READ
ARM GAS  /tmp/ccY89ab1.s 			page 6


  87:Drivers/CMSIS/Include/cmsis_gcc.h ****   #pragma GCC diagnostic push
  88:Drivers/CMSIS/Include/cmsis_gcc.h ****   #pragma GCC diagnostic ignored "-Wpacked"
  89:Drivers/CMSIS/Include/cmsis_gcc.h ****   #pragma GCC diagnostic ignored "-Wattributes"
  90:Drivers/CMSIS/Include/cmsis_gcc.h ****   __PACKED_STRUCT T_UINT16_READ { uint16_t v; };
  91:Drivers/CMSIS/Include/cmsis_gcc.h ****   #pragma GCC diagnostic pop
  92:Drivers/CMSIS/Include/cmsis_gcc.h ****   #define __UNALIGNED_UINT16_READ(addr)          (((const struct T_UINT16_READ *)(const void *)(add
  93:Drivers/CMSIS/Include/cmsis_gcc.h **** #endif
  94:Drivers/CMSIS/Include/cmsis_gcc.h **** #ifndef   __UNALIGNED_UINT32_WRITE
  95:Drivers/CMSIS/Include/cmsis_gcc.h ****   #pragma GCC diagnostic push
  96:Drivers/CMSIS/Include/cmsis_gcc.h ****   #pragma GCC diagnostic ignored "-Wpacked"
  97:Drivers/CMSIS/Include/cmsis_gcc.h ****   #pragma GCC diagnostic ignored "-Wattributes"
  98:Drivers/CMSIS/Include/cmsis_gcc.h ****   __PACKED_STRUCT T_UINT32_WRITE { uint32_t v; };
  99:Drivers/CMSIS/Include/cmsis_gcc.h ****   #pragma GCC diagnostic pop
 100:Drivers/CMSIS/Include/cmsis_gcc.h ****   #define __UNALIGNED_UINT32_WRITE(addr, val)    (void)((((struct T_UINT32_WRITE *)(void *)(addr))-
 101:Drivers/CMSIS/Include/cmsis_gcc.h **** #endif
 102:Drivers/CMSIS/Include/cmsis_gcc.h **** #ifndef   __UNALIGNED_UINT32_READ
 103:Drivers/CMSIS/Include/cmsis_gcc.h ****   #pragma GCC diagnostic push
 104:Drivers/CMSIS/Include/cmsis_gcc.h ****   #pragma GCC diagnostic ignored "-Wpacked"
 105:Drivers/CMSIS/Include/cmsis_gcc.h ****   #pragma GCC diagnostic ignored "-Wattributes"
 106:Drivers/CMSIS/Include/cmsis_gcc.h ****   __PACKED_STRUCT T_UINT32_READ { uint32_t v; };
 107:Drivers/CMSIS/Include/cmsis_gcc.h ****   #pragma GCC diagnostic pop
 108:Drivers/CMSIS/Include/cmsis_gcc.h ****   #define __UNALIGNED_UINT32_READ(addr)          (((const struct T_UINT32_READ *)(const void *)(add
 109:Drivers/CMSIS/Include/cmsis_gcc.h **** #endif
 110:Drivers/CMSIS/Include/cmsis_gcc.h **** #ifndef   __ALIGNED
 111:Drivers/CMSIS/Include/cmsis_gcc.h ****   #define __ALIGNED(x)                           __attribute__((aligned(x)))
 112:Drivers/CMSIS/Include/cmsis_gcc.h **** #endif
 113:Drivers/CMSIS/Include/cmsis_gcc.h **** #ifndef   __RESTRICT
 114:Drivers/CMSIS/Include/cmsis_gcc.h ****   #define __RESTRICT                             __restrict
 115:Drivers/CMSIS/Include/cmsis_gcc.h **** #endif
 116:Drivers/CMSIS/Include/cmsis_gcc.h **** 
 117:Drivers/CMSIS/Include/cmsis_gcc.h **** 
 118:Drivers/CMSIS/Include/cmsis_gcc.h **** /* ###########################  Core Function Access  ########################### */
 119:Drivers/CMSIS/Include/cmsis_gcc.h **** /** \ingroup  CMSIS_Core_FunctionInterface
 120:Drivers/CMSIS/Include/cmsis_gcc.h ****     \defgroup CMSIS_Core_RegAccFunctions CMSIS Core Register Access Functions
 121:Drivers/CMSIS/Include/cmsis_gcc.h ****   @{
 122:Drivers/CMSIS/Include/cmsis_gcc.h ****  */
 123:Drivers/CMSIS/Include/cmsis_gcc.h **** 
 124:Drivers/CMSIS/Include/cmsis_gcc.h **** /**
 125:Drivers/CMSIS/Include/cmsis_gcc.h ****   \brief   Enable IRQ Interrupts
 126:Drivers/CMSIS/Include/cmsis_gcc.h ****   \details Enables IRQ interrupts by clearing the I-bit in the CPSR.
 127:Drivers/CMSIS/Include/cmsis_gcc.h ****            Can only be executed in Privileged modes.
 128:Drivers/CMSIS/Include/cmsis_gcc.h ****  */
 129:Drivers/CMSIS/Include/cmsis_gcc.h **** __STATIC_FORCEINLINE void __enable_irq(void)
 130:Drivers/CMSIS/Include/cmsis_gcc.h **** {
 131:Drivers/CMSIS/Include/cmsis_gcc.h ****   __ASM volatile ("cpsie i" : : : "memory");
 132:Drivers/CMSIS/Include/cmsis_gcc.h **** }
 133:Drivers/CMSIS/Include/cmsis_gcc.h **** 
 134:Drivers/CMSIS/Include/cmsis_gcc.h **** 
 135:Drivers/CMSIS/Include/cmsis_gcc.h **** /**
 136:Drivers/CMSIS/Include/cmsis_gcc.h ****   \brief   Disable IRQ Interrupts
 137:Drivers/CMSIS/Include/cmsis_gcc.h ****   \details Disables IRQ interrupts by setting the I-bit in the CPSR.
 138:Drivers/CMSIS/Include/cmsis_gcc.h ****            Can only be executed in Privileged modes.
 139:Drivers/CMSIS/Include/cmsis_gcc.h ****  */
 140:Drivers/CMSIS/Include/cmsis_gcc.h **** __STATIC_FORCEINLINE void __disable_irq(void)
  37              		.loc 2 140 27 view .LVU2
  38              	.LBB5:
 141:Drivers/CMSIS/Include/cmsis_gcc.h **** {
ARM GAS  /tmp/ccY89ab1.s 			page 7


 142:Drivers/CMSIS/Include/cmsis_gcc.h ****   __ASM volatile ("cpsid i" : : : "memory");
  39              		.loc 2 142 3 view .LVU3
  40              		.syntax divided
  41              	@ 142 "Drivers/CMSIS/Include/cmsis_gcc.h" 1
  42 0000 72B6     		cpsid i
  43              	@ 0 "" 2
  44              		.thumb
  45              		.syntax unified
  46              	.L2:
  47              	.LBE5:
  48              	.LBE4:
 165:Src/main.c    ****   while (1)
  49              		.loc 1 165 3 discriminator 1 view .LVU4
 166:Src/main.c    ****   {
 167:Src/main.c    ****   }
  50              		.loc 1 167 3 discriminator 1 view .LVU5
 165:Src/main.c    ****   while (1)
  51              		.loc 1 165 9 discriminator 1 view .LVU6
  52 0002 FEE7     		b	.L2
  53              		.cfi_endproc
  54              	.LFE45:
  56              		.section	.text.SystemClock_Config,"ax",%progbits
  57              		.align	1
  58              		.global	SystemClock_Config
  59              		.syntax unified
  60              		.code	16
  61              		.thumb_func
  62              		.fpu softvfp
  64              	SystemClock_Config:
  65              	.LFB44:
 116:Src/main.c    ****   RCC_OscInitTypeDef RCC_OscInitStruct = {0};
  66              		.loc 1 116 1 view -0
  67              		.cfi_startproc
  68              		@ args = 0, pretend = 0, frame = 96
  69              		@ frame_needed = 0, uses_anonymous_args = 0
  70 0000 00B5     		push	{lr}
  71              	.LCFI0:
  72              		.cfi_def_cfa_offset 4
  73              		.cfi_offset 14, -4
  74 0002 99B0     		sub	sp, sp, #100
  75              	.LCFI1:
  76              		.cfi_def_cfa_offset 104
 117:Src/main.c    ****   RCC_ClkInitTypeDef RCC_ClkInitStruct = {0};
  77              		.loc 1 117 3 view .LVU8
 117:Src/main.c    ****   RCC_ClkInitTypeDef RCC_ClkInitStruct = {0};
  78              		.loc 1 117 22 is_stmt 0 view .LVU9
  79 0004 3022     		movs	r2, #48
  80 0006 0021     		movs	r1, #0
  81 0008 0CA8     		add	r0, sp, #48
  82 000a FFF7FEFF 		bl	memset
  83              	.LVL0:
 118:Src/main.c    ****   RCC_PeriphCLKInitTypeDef PeriphClkInit = {0};
  84              		.loc 1 118 3 is_stmt 1 view .LVU10
 118:Src/main.c    ****   RCC_PeriphCLKInitTypeDef PeriphClkInit = {0};
  85              		.loc 1 118 22 is_stmt 0 view .LVU11
  86 000e 1022     		movs	r2, #16
  87 0010 0021     		movs	r1, #0
ARM GAS  /tmp/ccY89ab1.s 			page 8


  88 0012 07A8     		add	r0, sp, #28
  89 0014 FFF7FEFF 		bl	memset
  90              	.LVL1:
 119:Src/main.c    **** 
  91              		.loc 1 119 3 is_stmt 1 view .LVU12
 119:Src/main.c    **** 
  92              		.loc 1 119 28 is_stmt 0 view .LVU13
  93 0018 1822     		movs	r2, #24
  94 001a 0021     		movs	r1, #0
  95 001c 01A8     		add	r0, sp, #4
  96 001e FFF7FEFF 		bl	memset
  97              	.LVL2:
 124:Src/main.c    ****   RCC_OscInitStruct.HSI48State = RCC_HSI48_ON;
  98              		.loc 1 124 3 is_stmt 1 view .LVU14
 124:Src/main.c    ****   RCC_OscInitStruct.HSI48State = RCC_HSI48_ON;
  99              		.loc 1 124 36 is_stmt 0 view .LVU15
 100 0022 2023     		movs	r3, #32
 101 0024 0B93     		str	r3, [sp, #44]
 125:Src/main.c    ****   RCC_OscInitStruct.PLL.PLLState = RCC_PLL_NONE;
 102              		.loc 1 125 3 is_stmt 1 view .LVU16
 125:Src/main.c    ****   RCC_OscInitStruct.PLL.PLLState = RCC_PLL_NONE;
 103              		.loc 1 125 32 is_stmt 0 view .LVU17
 104 0026 1F3B     		subs	r3, r3, #31
 105 0028 1393     		str	r3, [sp, #76]
 126:Src/main.c    ****   if (HAL_RCC_OscConfig(&RCC_OscInitStruct) != HAL_OK)
 106              		.loc 1 126 3 is_stmt 1 view .LVU18
 127:Src/main.c    ****   {
 107              		.loc 1 127 3 view .LVU19
 127:Src/main.c    ****   {
 108              		.loc 1 127 7 is_stmt 0 view .LVU20
 109 002a 0BA8     		add	r0, sp, #44
 110 002c FFF7FEFF 		bl	HAL_RCC_OscConfig
 111              	.LVL3:
 127:Src/main.c    ****   {
 112              		.loc 1 127 6 view .LVU21
 113 0030 0028     		cmp	r0, #0
 114 0032 18D1     		bne	.L7
 133:Src/main.c    ****                               |RCC_CLOCKTYPE_PCLK1;
 115              		.loc 1 133 3 is_stmt 1 view .LVU22
 133:Src/main.c    ****                               |RCC_CLOCKTYPE_PCLK1;
 116              		.loc 1 133 31 is_stmt 0 view .LVU23
 117 0034 0723     		movs	r3, #7
 118 0036 0793     		str	r3, [sp, #28]
 135:Src/main.c    ****   RCC_ClkInitStruct.AHBCLKDivider = RCC_SYSCLK_DIV1;
 119              		.loc 1 135 3 is_stmt 1 view .LVU24
 135:Src/main.c    ****   RCC_ClkInitStruct.AHBCLKDivider = RCC_SYSCLK_DIV1;
 120              		.loc 1 135 34 is_stmt 0 view .LVU25
 121 0038 043B     		subs	r3, r3, #4
 122 003a 0893     		str	r3, [sp, #32]
 136:Src/main.c    ****   RCC_ClkInitStruct.APB1CLKDivider = RCC_HCLK_DIV1;
 123              		.loc 1 136 3 is_stmt 1 view .LVU26
 136:Src/main.c    ****   RCC_ClkInitStruct.APB1CLKDivider = RCC_HCLK_DIV1;
 124              		.loc 1 136 35 is_stmt 0 view .LVU27
 125 003c 0023     		movs	r3, #0
 126 003e 0993     		str	r3, [sp, #36]
 137:Src/main.c    **** 
 127              		.loc 1 137 3 is_stmt 1 view .LVU28
ARM GAS  /tmp/ccY89ab1.s 			page 9


 137:Src/main.c    **** 
 128              		.loc 1 137 36 is_stmt 0 view .LVU29
 129 0040 0A93     		str	r3, [sp, #40]
 139:Src/main.c    ****   {
 130              		.loc 1 139 3 is_stmt 1 view .LVU30
 139:Src/main.c    ****   {
 131              		.loc 1 139 7 is_stmt 0 view .LVU31
 132 0042 0121     		movs	r1, #1
 133 0044 07A8     		add	r0, sp, #28
 134 0046 FFF7FEFF 		bl	HAL_RCC_ClockConfig
 135              	.LVL4:
 139:Src/main.c    ****   {
 136              		.loc 1 139 6 view .LVU32
 137 004a 0028     		cmp	r0, #0
 138 004c 0DD1     		bne	.L8
 143:Src/main.c    ****   PeriphClkInit.UsbClockSelection = RCC_USBCLKSOURCE_HSI48;
 139              		.loc 1 143 3 is_stmt 1 view .LVU33
 143:Src/main.c    ****   PeriphClkInit.UsbClockSelection = RCC_USBCLKSOURCE_HSI48;
 140              		.loc 1 143 38 is_stmt 0 view .LVU34
 141 004e 8023     		movs	r3, #128
 142 0050 9B02     		lsls	r3, r3, #10
 143 0052 0193     		str	r3, [sp, #4]
 144:Src/main.c    **** 
 144              		.loc 1 144 3 is_stmt 1 view .LVU35
 144:Src/main.c    **** 
 145              		.loc 1 144 35 is_stmt 0 view .LVU36
 146 0054 0023     		movs	r3, #0
 147 0056 0693     		str	r3, [sp, #24]
 146:Src/main.c    ****   {
 148              		.loc 1 146 3 is_stmt 1 view .LVU37
 146:Src/main.c    ****   {
 149              		.loc 1 146 7 is_stmt 0 view .LVU38
 150 0058 01A8     		add	r0, sp, #4
 151 005a FFF7FEFF 		bl	HAL_RCCEx_PeriphCLKConfig
 152              	.LVL5:
 146:Src/main.c    ****   {
 153              		.loc 1 146 6 view .LVU39
 154 005e 0028     		cmp	r0, #0
 155 0060 05D1     		bne	.L9
 150:Src/main.c    **** 
 156              		.loc 1 150 1 view .LVU40
 157 0062 19B0     		add	sp, sp, #100
 158              		@ sp needed
 159 0064 00BD     		pop	{pc}
 160              	.L7:
 129:Src/main.c    ****   }
 161              		.loc 1 129 5 is_stmt 1 view .LVU41
 162 0066 FFF7FEFF 		bl	Error_Handler
 163              	.LVL6:
 164              	.L8:
 141:Src/main.c    ****   }
 165              		.loc 1 141 5 view .LVU42
 166 006a FFF7FEFF 		bl	Error_Handler
 167              	.LVL7:
 168              	.L9:
 148:Src/main.c    ****   }
 169              		.loc 1 148 5 view .LVU43
ARM GAS  /tmp/ccY89ab1.s 			page 10


 170 006e FFF7FEFF 		bl	Error_Handler
 171              	.LVL8:
 172              		.cfi_endproc
 173              	.LFE44:
 175              		.section	.text.main,"ax",%progbits
 176              		.align	1
 177              		.global	main
 178              		.syntax unified
 179              		.code	16
 180              		.thumb_func
 181              		.fpu softvfp
 183              	main:
 184              	.LFB43:
  67:Src/main.c    ****   /* USER CODE BEGIN 1 */
 185              		.loc 1 67 1 view -0
 186              		.cfi_startproc
 187              		@ Volatile: function does not return.
 188              		@ args = 0, pretend = 0, frame = 0
 189              		@ frame_needed = 0, uses_anonymous_args = 0
 190 0000 10B5     		push	{r4, lr}
 191              	.LCFI2:
 192              		.cfi_def_cfa_offset 8
 193              		.cfi_offset 4, -8
 194              		.cfi_offset 14, -4
  75:Src/main.c    **** 
 195              		.loc 1 75 3 view .LVU45
 196 0002 FFF7FEFF 		bl	HAL_Init
 197              	.LVL9:
  82:Src/main.c    **** 
 198              		.loc 1 82 3 view .LVU46
 199 0006 FFF7FEFF 		bl	SystemClock_Config
 200              	.LVL10:
  89:Src/main.c    ****   MX_TIM1_Init();
 201              		.loc 1 89 3 view .LVU47
 202 000a FFF7FEFF 		bl	MX_GPIO_Init
 203              	.LVL11:
  90:Src/main.c    ****   //MX_USB_DEVICE_Init();
 204              		.loc 1 90 3 view .LVU48
 205 000e FFF7FEFF 		bl	MX_TIM1_Init
 206              	.LVL12:
 207              	.L11:
  98:Src/main.c    ****   {
 208              		.loc 1 98 3 view .LVU49
 100:Src/main.c    ****     {
 209              		.loc 1 100 5 view .LVU50
 100:Src/main.c    ****     {
 210              		.loc 1 100 8 is_stmt 0 view .LVU51
 211 0012 0221     		movs	r1, #2
 212 0014 0148     		ldr	r0, .L12
 213 0016 FFF7FEFF 		bl	HAL_GPIO_ReadPin
 214              	.LVL13:
 103:Src/main.c    ****     /* USER CODE END WHILE */
 215              		.loc 1 103 5 is_stmt 1 view .LVU52
  98:Src/main.c    ****   {
 216              		.loc 1 98 9 view .LVU53
 217 001a FAE7     		b	.L11
 218              	.L13:
ARM GAS  /tmp/ccY89ab1.s 			page 11


 219              		.align	2
 220              	.L12:
 221 001c 00040048 		.word	1207960576
 222              		.cfi_endproc
 223              	.LFE43:
 225              		.text
 226              	.Letext0:
 227              		.file 3 "/usr/lib/gcc/arm-none-eabi/9.2.1/include/stdint.h"
 228              		.file 4 "Drivers/CMSIS/Device/ST/STM32F0xx/Include/system_stm32f0xx.h"
 229              		.file 5 "Drivers/CMSIS/Device/ST/STM32F0xx/Include/stm32f042x6.h"
 230              		.file 6 "Drivers/STM32F0xx_HAL_Driver/Inc/stm32f0xx_hal_def.h"
 231              		.file 7 "Drivers/STM32F0xx_HAL_Driver/Inc/stm32f0xx_hal_rcc.h"
 232              		.file 8 "Drivers/STM32F0xx_HAL_Driver/Inc/stm32f0xx_hal_rcc_ex.h"
 233              		.file 9 "Drivers/STM32F0xx_HAL_Driver/Inc/stm32f0xx_hal_gpio.h"
 234              		.file 10 "Drivers/STM32F0xx_HAL_Driver/Inc/stm32f0xx_hal_dma.h"
 235              		.file 11 "Drivers/STM32F0xx_HAL_Driver/Inc/stm32f0xx_hal_tim.h"
 236              		.file 12 "Drivers/STM32F0xx_HAL_Driver/Inc/stm32f0xx_hal.h"
 237              		.file 13 "Inc/tim.h"
 238              		.file 14 "/usr/lib/gcc/arm-none-eabi/9.2.1/include/stddef.h"
 239              		.file 15 "/usr/include/newlib/sys/_types.h"
 240              		.file 16 "/usr/include/newlib/sys/reent.h"
 241              		.file 17 "/usr/include/newlib/sys/lock.h"
 242              		.file 18 "/usr/include/newlib/stdlib.h"
 243              		.file 19 "Inc/gpio.h"
 244              		.file 20 "<built-in>"
ARM GAS  /tmp/ccY89ab1.s 			page 12


DEFINED SYMBOLS
                            *ABS*:0000000000000000 main.c
     /tmp/ccY89ab1.s:16     .text.Error_Handler:0000000000000000 $t
     /tmp/ccY89ab1.s:24     .text.Error_Handler:0000000000000000 Error_Handler
     /tmp/ccY89ab1.s:57     .text.SystemClock_Config:0000000000000000 $t
     /tmp/ccY89ab1.s:64     .text.SystemClock_Config:0000000000000000 SystemClock_Config
     /tmp/ccY89ab1.s:176    .text.main:0000000000000000 $t
     /tmp/ccY89ab1.s:183    .text.main:0000000000000000 main
     /tmp/ccY89ab1.s:221    .text.main:000000000000001c $d

UNDEFINED SYMBOLS
memset
HAL_RCC_OscConfig
HAL_RCC_ClockConfig
HAL_RCCEx_PeriphCLKConfig
HAL_Init
MX_GPIO_Init
MX_TIM1_Init
HAL_GPIO_ReadPin
